{"uuid":"85652b52-3aa9-4e3c-b487-6fabbef16383","historyId":"9cce7c0fc1f5a955301f94566583430","fullName":"Body_Validation.Respose_Body.Body_Valdation","labels":[{"name":"package","value":"Body_Validation.Respose_Body"},{"name":"testClass","value":"Body_Validation.Respose_Body"},{"name":"testMethod","value":"Body_Valdation"},{"name":"parentSuite","value":"Default suite"},{"name":"suite","value":"Default test"},{"name":"subSuite","value":"Body_Validation.Respose_Body"},{"name":"host","value":"DESKTOP-V16AQSL"},{"name":"thread","value":"15948@DESKTOP-V16AQSL.main(1)"},{"name":"framework","value":"testng"},{"name":"language","value":"java"}],"links":[],"name":"Body_Valdation","status":"broken","statusDetails":{"known":false,"muted":false,"flaky":false,"message":"com.github.fge.jsonschema.core.exceptions.ProcessingException: fatal: content at URI \"file:/C:/Users/admin/eclipse-workspace/Rest_Assurd_Testing/target/test-classes/Schema.json#\" is not valid JSON\n    level: \"fatal\"\n    uri: \"file:/C:/Users/admin/eclipse-workspace/Rest_Assurd_Testing/target/test-classes/Schema.json#\"\n    parsingMessage: \"no JSON Text to read from input\"\n","trace":"io.restassured.module.jsv.JsonSchemaValidationException: com.github.fge.jsonschema.core.exceptions.ProcessingException: fatal: content at URI \"file:/C:/Users/admin/eclipse-workspace/Rest_Assurd_Testing/target/test-classes/Schema.json#\" is not valid JSON\n    level: \"fatal\"\n    uri: \"file:/C:/Users/admin/eclipse-workspace/Rest_Assurd_Testing/target/test-classes/Schema.json#\"\n    parsingMessage: \"no JSON Text to read from input\"\n\r\n\tat io.restassured.module.jsv.JsonSchemaValidator.matchesSafely(JsonSchemaValidator.java:233)\r\n\tat io.restassured.module.jsv.JsonSchemaValidator.matchesSafely(JsonSchemaValidator.java:75)\r\n\tat org.hamcrest.TypeSafeMatcher.matches(TypeSafeMatcher.java:67)\r\n\tat org.hamcrest.MatcherAssert.assertThat(MatcherAssert.java:10)\r\n\tat org.hamcrest.MatcherAssert.assertThat(MatcherAssert.java:6)\r\n\tat Body_Validation.Respose_Body.Body_Valdation(Respose_Body.java:28)\r\n\tat java.base/jdk.internal.reflect.NativeMethodAccessorImpl.invoke0(Native Method)\r\n\tat java.base/jdk.internal.reflect.NativeMethodAccessorImpl.invoke(NativeMethodAccessorImpl.java:77)\r\n\tat java.base/jdk.internal.reflect.DelegatingMethodAccessorImpl.invoke(DelegatingMethodAccessorImpl.java:43)\r\n\tat java.base/java.lang.reflect.Method.invoke(Method.java:568)\r\n\tat org.testng.internal.invokers.MethodInvocationHelper.invokeMethod(MethodInvocationHelper.java:139)\r\n\tat org.testng.internal.invokers.TestInvoker.invokeMethod(TestInvoker.java:677)\r\n\tat org.testng.internal.invokers.TestInvoker.invokeTestMethod(TestInvoker.java:221)\r\n\tat org.testng.internal.invokers.MethodRunner.runInSequence(MethodRunner.java:50)\r\n\tat org.testng.internal.invokers.TestInvoker$MethodInvocationAgent.invoke(TestInvoker.java:969)\r\n\tat org.testng.internal.invokers.TestInvoker.invokeTestMethods(TestInvoker.java:194)\r\n\tat org.testng.internal.invokers.TestMethodWorker.invokeTestMethods(TestMethodWorker.java:148)\r\n\tat org.testng.internal.invokers.TestMethodWorker.run(TestMethodWorker.java:128)\r\n\tat java.base/java.util.ArrayList.forEach(ArrayList.java:1511)\r\n\tat org.testng.TestRunner.privateRun(TestRunner.java:829)\r\n\tat org.testng.TestRunner.run(TestRunner.java:602)\r\n\tat org.testng.SuiteRunner.runTest(SuiteRunner.java:437)\r\n\tat org.testng.SuiteRunner.runSequentially(SuiteRunner.java:431)\r\n\tat org.testng.SuiteRunner.privateRun(SuiteRunner.java:391)\r\n\tat org.testng.SuiteRunner.run(SuiteRunner.java:330)\r\n\tat org.testng.SuiteRunnerWorker.runSuite(SuiteRunnerWorker.java:52)\r\n\tat org.testng.SuiteRunnerWorker.run(SuiteRunnerWorker.java:95)\r\n\tat org.testng.TestNG.runSuitesSequentially(TestNG.java:1256)\r\n\tat org.testng.TestNG.runSuitesLocally(TestNG.java:1176)\r\n\tat org.testng.TestNG.runSuites(TestNG.java:1099)\r\n\tat org.testng.TestNG.run(TestNG.java:1067)\r\n\tat org.testng.remote.AbstractRemoteTestNG.run(AbstractRemoteTestNG.java:115)\r\n\tat org.testng.remote.RemoteTestNG.initAndRun(RemoteTestNG.java:251)\r\n\tat org.testng.remote.RemoteTestNG.main(RemoteTestNG.java:77)\r\nCaused by: com.github.fge.jsonschema.core.exceptions.ProcessingException: fatal: content at URI \"file:/C:/Users/admin/eclipse-workspace/Rest_Assurd_Testing/target/test-classes/Schema.json#\" is not valid JSON\n    level: \"fatal\"\n    uri: \"file:/C:/Users/admin/eclipse-workspace/Rest_Assurd_Testing/target/test-classes/Schema.json#\"\n    parsingMessage: \"no JSON Text to read from input\"\n\r\n\tat com.github.fge.jsonschema.core.load.URIManager.getContent(URIManager.java:113)\r\n\tat com.github.fge.jsonschema.core.load.SchemaLoader$1.load(SchemaLoader.java:114)\r\n\tat com.github.fge.jsonschema.core.load.SchemaLoader$1.load(SchemaLoader.java:108)\r\n\tat com.google.common.cache.LocalCache$LoadingValueReference.loadFuture(LocalCache.java:3445)\r\n\tat com.google.common.cache.LocalCache$Segment.loadSync(LocalCache.java:2194)\r\n\tat com.google.common.cache.LocalCache$Segment.lockedGetOrLoad(LocalCache.java:2153)\r\n\tat com.google.common.cache.LocalCache$Segment.get(LocalCache.java:2043)\r\n\tat com.google.common.cache.LocalCache.get(LocalCache.java:3849)\r\n\tat com.google.common.cache.LocalCache.getOrLoad(LocalCache.java:3873)\r\n\tat com.google.common.cache.LocalCache$LocalLoadingCache.get(LocalCache.java:4798)\r\n\tat com.github.fge.jsonschema.core.load.SchemaLoader.get(SchemaLoader.java:171)\r\n\tat com.github.fge.jsonschema.main.JsonValidator.buildJsonSchema(JsonValidator.java:211)\r\n\tat com.github.fge.jsonschema.main.JsonSchemaFactory.getJsonSchema(JsonSchemaFactory.java:224)\r\n\tat io.restassured.module.jsv.JsonSchemaValidator.matchesSafely(JsonSchemaValidator.java:221)\r\n\t... 33 more\r\n"},"stage":"finished","steps":[],"attachments":[],"parameters":[],"start":1694168216876,"stop":1694168219888}